C51 COMPILER V9.54   MAIN                                                                  08/22/2023 18:10:02 PAGE 1   


C51 COMPILER V9.54, COMPILATION OF MODULE MAIN
OBJECT MODULE PLACED IN .\Objects\main.obj
COMPILER INVOKED BY: D:\Keil5\C51\BIN\C51.EXE main.c OPTIMIZE(8,SPEED) BROWSE DEBUG OBJECTEXTEND PRINT(.\Listings\main.l
                    -st) TABS(2) OBJECT(.\Objects\main.obj)

line level    source

   1          #include <REGX52.H>
   2          #include <INTRINS.H>
   3          void Delay500ms(unsigned int xms)   //@12.000MHz
   4          {
   5   1        unsigned char  i, j;
   6   1        while(xms){
   7   2        i = 2;
   8   2        j = 239;
   9   2        do
  10   2        {
  11   3          while (--j);
  12   3        } while (--i);
  13   2        xms--;
  14   2        }
  15   1      }
  16          
  17          
  18          void main()
  19          {
  20   1        while(1)
  21   1        {
  22   2          P2=0xFE;
  23   2          Delay500ms(10);
  24   2          P2=0xFD;
  25   2          Delay500ms(10);
  26   2          P2=0xFB;
  27   2          Delay500ms(10);
  28   2          P2=0xF7;
  29   2          Delay500ms(10);
  30   2          P2=0xEF;
  31   2          Delay500ms(10);
  32   2          P2=0xDF;
  33   2          Delay500ms(10); 
  34   2          P2=0xBF;
  35   2          Delay500ms(10);
  36   2          P2=0x7F;
  37   2          Delay500ms(10);
  38   2        }
  39   1      }


MODULE INFORMATION:   STATIC OVERLAYABLE
   CODE SIZE        =     74    ----
   CONSTANT SIZE    =   ----    ----
   XDATA SIZE       =   ----    ----
   PDATA SIZE       =   ----    ----
   DATA SIZE        =   ----    ----
   IDATA SIZE       =   ----    ----
   BIT SIZE         =   ----    ----
END OF MODULE INFORMATION.


C51 COMPILATION COMPLETE.  0 WARNING(S),  0 ERROR(S)
