C51 COMPILER V9.54   MAIN                                                                  08/23/2023 17:17:58 PAGE 1   


C51 COMPILER V9.54, COMPILATION OF MODULE MAIN
OBJECT MODULE PLACED IN .\Objects\main.obj
COMPILER INVOKED BY: D:\Keil5\C51\BIN\C51.EXE main.c OPTIMIZE(8,SPEED) BROWSE DEBUG OBJECTEXTEND PRINT(.\Listings\main.l
                    -st) TABS(2) OBJECT(.\Objects\main.obj)

line level    source

   1          #include <REGX52.H>
   2          void qwe(unsigned int xms)    
   3          {
   4   1        unsigned char data i, j;
   5   1      while(xms){
   6   2          i = 2;
   7   2        j = 239;
   8   2        do{while (--j);} 
   9   2        while (--i);
  10   2        xms--;
  11   2      }
  12   1      }
  13          void main()
  14              {
  15   1            while(1)
  16   1            {
  17   2              if(P3_1==0)
  18   2                {
  19   3                qwe(20);
  20   3                while(P3_1==0);
  21   3                qwe(20);
  22   3                P2_0=~P2_0;
  23   3                }
  24   2            }
  25   1          }


MODULE INFORMATION:   STATIC OVERLAYABLE
   CODE SIZE        =     44    ----
   CONSTANT SIZE    =   ----    ----
   XDATA SIZE       =   ----    ----
   PDATA SIZE       =   ----    ----
   DATA SIZE        =   ----    ----
   IDATA SIZE       =   ----    ----
   BIT SIZE         =   ----    ----
END OF MODULE INFORMATION.


C51 COMPILATION COMPLETE.  0 WARNING(S),  0 ERROR(S)
