C51 COMPILER V9.54   MAIN                                                                  09/03/2023 15:50:53 PAGE 1   


C51 COMPILER V9.54, COMPILATION OF MODULE MAIN
OBJECT MODULE PLACED IN .\Objects\main.obj
COMPILER INVOKED BY: D:\Keil5\C51\BIN\C51.EXE main.c OPTIMIZE(8,SPEED) BROWSE DEBUG OBJECTEXTEND PRINT(.\Listings\main.l
                    -st) TABS(2) OBJECT(.\Objects\main.obj)

line level    source

   1          #include <REGX52.H>
   2          #include "Delay.h"
   3          #include "LCD1602.h"
   4          #include "Matrixkey.h"
   5          unsigned char Keynum;
   6          unsigned int Password,Count;
   7          void main()
   8            {
   9   1          LCD_Init();
  10   1          LCD_ShowString(1,1,"Password:");
  11   1        while(1)
  12   1          {
  13   2            Keynum=Matrixkey();
  14   2            if(Keynum)
  15   2            {
  16   3              if(Keynum<=10)
  17   3              {
  18   4                if(Count<4)
  19   4                {
  20   5                  Password*=10;
  21   5                  Password+=Keynum%10;
  22   5                  Count++;
  23   5                }
  24   4                LCD_ShowNum(2,1,Password,4);
  25   4              }
  26   3              if(Keynum==11)
  27   3              {
  28   4                Password=0;
  29   4                Count=0;
  30   4                LCD_ShowNum(2,1,Password,4);
  31   4              }
  32   3              if(Keynum==12)
  33   3              {
  34   4                if(Password==1234){
  35   5                  
  36   5                  LCD_ShowString(1,10,"OK   ");
  37   5                  Password=0;
  38   5                  Count=0;
  39   5                  LCD_ShowNum(2,1,Password,4);}
  40   4                else {
  41   5                  
  42   5                  LCD_ShowString(1,10,"error");
  43   5                  Password=0;
  44   5                  Count=0;
  45   5                  LCD_ShowNum(2,1,Password,4);}
  46   4              }
  47   3            }
  48   2          } 
  49   1        }


MODULE INFORMATION:   STATIC OVERLAYABLE
   CODE SIZE        =    216    ----
   CONSTANT SIZE    =     22    ----
C51 COMPILER V9.54   MAIN                                                                  09/03/2023 15:50:53 PAGE 2   

   XDATA SIZE       =   ----    ----
   PDATA SIZE       =   ----    ----
   DATA SIZE        =      5    ----
   IDATA SIZE       =   ----    ----
   BIT SIZE         =   ----    ----
END OF MODULE INFORMATION.


C51 COMPILATION COMPLETE.  0 WARNING(S),  0 ERROR(S)
