C51 COMPILER V9.54   MATRIXKEY                                                             09/03/2023 14:30:13 PAGE 1   


C51 COMPILER V9.54, COMPILATION OF MODULE MATRIXKEY
OBJECT MODULE PLACED IN .\Objects\Matrixkey.obj
COMPILER INVOKED BY: D:\Keil5\C51\BIN\C51.EXE Matrixkey.c OPTIMIZE(8,SPEED) BROWSE DEBUG OBJECTEXTEND PRINT(.\Listings\M
                    -atrixkey.lst) TABS(2) OBJECT(.\Objects\Matrixkey.obj)

line level    source

   1          #include <REGX52.H>
   2          #include "Delay.h"
   3          unsigned char Matrixkey()
   4          {
   5   1        unsigned char KeyNumber=0;
   6   1        P1=0xFF;
   7   1        P1_3=0;
   8   1        if(P1_7==0){Delay(20);while(P1_7==0);Delay(20);KeyNumber=1;}
   9   1        if(P1_6==0){Delay(20);while(P1_6==0);Delay(20);KeyNumber=5;}
  10   1        if(P1_5==0){Delay(20);while(P1_5==0);Delay(20);KeyNumber=9;}
  11   1        if(P1_4==0){Delay(20);while(P1_4==0);Delay(20);KeyNumber=13;}
  12   1        P1=0xFF;
  13   1        P1_2=0;
  14   1        if(P1_7==0){Delay(20);while(P1_7==0);Delay(20);KeyNumber=2;}
  15   1        if(P1_6==0){Delay(20);while(P1_6==0);Delay(20);KeyNumber=6;}
  16   1        if(P1_5==0){Delay(20);while(P1_5==0);Delay(20);KeyNumber=10;}
  17   1        if(P1_4==0){Delay(20);while(P1_4==0);Delay(20);KeyNumber=14;}
  18   1        P1=0xFF;
  19   1        P1_1=0;
  20   1        if(P1_7==0){Delay(20);while(P1_7==0);Delay(20);KeyNumber=3;}
  21   1        if(P1_6==0){Delay(20);while(P1_6==0);Delay(20);KeyNumber=7;}
  22   1        if(P1_5==0){Delay(20);while(P1_5==0);Delay(20);KeyNumber=11;}
  23   1        if(P1_4==0){Delay(20);while(P1_4==0);Delay(20);KeyNumber=15;}
  24   1        P1=0xFF;
  25   1        P1_0=0;
  26   1        if(P1_7==0){Delay(20);while(P1_7==0);Delay(20);KeyNumber=4;}
  27   1        if(P1_6==0){Delay(20);while(P1_6==0);Delay(20);KeyNumber=8;}
  28   1        if(P1_5==0){Delay(20);while(P1_5==0);Delay(20);KeyNumber=12;}
  29   1        if(P1_4==0){Delay(20);while(P1_4==0);Delay(20);KeyNumber=16;}
  30   1        return KeyNumber;
  31   1      }


MODULE INFORMATION:   STATIC OVERLAYABLE
   CODE SIZE        =    393    ----
   CONSTANT SIZE    =   ----    ----
   XDATA SIZE       =   ----    ----
   PDATA SIZE       =   ----    ----
   DATA SIZE        =   ----       1
   IDATA SIZE       =   ----    ----
   BIT SIZE         =   ----    ----
END OF MODULE INFORMATION.


C51 COMPILATION COMPLETE.  0 WARNING(S),  0 ERROR(S)
