C51 COMPILER V9.54   MAIN                                                                  10/21/2023 20:39:54 PAGE 1   


C51 COMPILER V9.54, COMPILATION OF MODULE MAIN
OBJECT MODULE PLACED IN .\Objects\main.obj
COMPILER INVOKED BY: D:\Keil5\C51\BIN\C51.EXE main.c OPTIMIZE(8,SPEED) BROWSE DEBUG OBJECTEXTEND PRINT(.\Listings\main.l
                    -st) TABS(2) OBJECT(.\Objects\main.obj)

line level    source

   1          #include <REGX52.H>
   2          #include "Delay.h"
   3          #include "UART.h"
*** WARNING C315 IN LINE 1 OF UART.h: unknown #directive 'ifnedf'
*** WARNING C312 IN LINE 5 OF UART.h: misplaced endif control
   4          
   5          void main(){
   6   1        UartInit();
*** WARNING C206 IN LINE 6 OF main.c: 'UartInit': missing function-prototype
   7   1        while(1){
   8   2          
   9   2        }
  10   1      }
  11          void UART_Routine() interrupt 4{
  12   1        if (RI==1){
  13   2          P2=~SBUF;
  14   2          UART_SendByte(SBUF);
  15   2          RI=0;
  16   2        }
  17   1      
  18   1      }


MODULE INFORMATION:   STATIC OVERLAYABLE
   CODE SIZE        =     76    ----
   CONSTANT SIZE    =   ----    ----
   XDATA SIZE       =   ----    ----
   PDATA SIZE       =   ----    ----
   DATA SIZE        =   ----    ----
   IDATA SIZE       =   ----    ----
   BIT SIZE         =   ----    ----
END OF MODULE INFORMATION.


C51 COMPILATION COMPLETE.  3 WARNING(S),  0 ERROR(S)
