C51 COMPILER V9.54   MAIN                                                                  10/21/2023 19:44:16 PAGE 1   


C51 COMPILER V9.54, COMPILATION OF MODULE MAIN
OBJECT MODULE PLACED IN .\Objects\main.obj
COMPILER INVOKED BY: D:\Keil5\C51\BIN\C51.EXE main.c OPTIMIZE(8,SPEED) BROWSE DEBUG OBJECTEXTEND PRINT(.\Listings\main.l
                    -st) TABS(2) OBJECT(.\Objects\main.obj)

line level    source

   1          #include <REGX52.H>
   2          #include "Delay.h"
   3          #include "UART.h"
*** WARNING C315 IN LINE 1 OF UART.h: unknown #directive 'ifnedf'
*** WARNING C312 IN LINE 5 OF UART.h: misplaced endif control
   4          unsigned char sec;
   5          void main(){
   6   1        while(1){
   7   2          UartInit();
*** WARNING C206 IN LINE 7 OF main.c: 'UartInit': missing function-prototype
   8   2        UART_SendByte(sec);
   9   2          sec++;
  10   2          Delay(1000);
  11   2        }
  12   1      }


MODULE INFORMATION:   STATIC OVERLAYABLE
   CODE SIZE        =     19    ----
   CONSTANT SIZE    =   ----    ----
   XDATA SIZE       =   ----    ----
   PDATA SIZE       =   ----    ----
   DATA SIZE        =      1    ----
   IDATA SIZE       =   ----    ----
   BIT SIZE         =   ----    ----
END OF MODULE INFORMATION.


C51 COMPILATION COMPLETE.  3 WARNING(S),  0 ERROR(S)
