C51 COMPILER V9.54   MAIN                                                                  10/11/2023 20:18:58 PAGE 1   


C51 COMPILER V9.54, COMPILATION OF MODULE MAIN
OBJECT MODULE PLACED IN .\Objects\main.obj
COMPILER INVOKED BY: D:\Keil5\C51\BIN\C51.EXE main.c OPTIMIZE(8,SPEED) BROWSE DEBUG OBJECTEXTEND PRINT(.\Listings\main.l
                    -st) TABS(2) OBJECT(.\Objects\main.obj)

line level    source

   1          #include <REGX52.H>
   2          #include "Timer0.h"
*** WARNING C315 IN LINE 1 OF Timer0.h: unknown #directive 'ifnedf'
*** WARNING C312 IN LINE 4 OF Timer0.h: misplaced endif control
   3          #include "Key.h"
*** WARNING C315 IN LINE 1 OF Key.h: unknown #directive 'ifnedf'
*** WARNING C312 IN LINE 4 OF Key.h: misplaced endif control
   4          #include <INTRINS.H>
   5          
   6          unsigned char Keynum,LEDMode;
   7          void main()
   8          {
   9   1        P2=0xFE;
  10   1        Timer0_Init();
  11   1        while(1)
  12   1        {
  13   2        Keynum=Key();
  14   2          if (Keynum){
  15   3          if(Keynum==1){
  16   4          LEDMode++;
  17   4            if(LEDMode>=2)LEDMode=0;
  18   4          }
  19   3          }
  20   2          
  21   2        }
  22   1      }
  23          
  24          void Timer0_Routine() interrupt 1
  25          {
  26   1        static unsigned int T0Count;
  27   1        TL0 = 0x18;       
  28   1        TH0 = 0xFC;   
  29   1        T0Count++;
  30   1        if(T0Count>=500)
  31   1        {
  32   2          T0Count=0;
  33   2          if(LEDMode==0)
  34   2          P2=_crol_(P2,1);
  35   2          if(LEDMode==1)
  36   2          P2=_cror_(P2,1);
  37   2        }
  38   1      }


MODULE INFORMATION:   STATIC OVERLAYABLE
   CODE SIZE        =    116    ----
   CONSTANT SIZE    =   ----    ----
   XDATA SIZE       =   ----    ----
   PDATA SIZE       =   ----    ----
   DATA SIZE        =      4    ----
   IDATA SIZE       =   ----    ----
   BIT SIZE         =   ----    ----
END OF MODULE INFORMATION.


C51 COMPILATION COMPLETE.  4 WARNING(S),  0 ERROR(S)
