C51 COMPILER V9.54   TIMER0                                                                10/11/2023 20:18:58 PAGE 1   


C51 COMPILER V9.54, COMPILATION OF MODULE TIMER0
OBJECT MODULE PLACED IN .\Objects\Timer0.obj
COMPILER INVOKED BY: D:\Keil5\C51\BIN\C51.EXE Timer0.c OPTIMIZE(8,SPEED) BROWSE DEBUG OBJECTEXTEND PRINT(.\Listings\Time
                    -r0.lst) TABS(2) OBJECT(.\Objects\Timer0.obj)

line level    source

   1          #include <REGX52.H>
   2          void Timer0_Init(void)    
   3          { 
   4   1        TMOD &= 0xF0;     
   5   1        TMOD |= 0x01;     
   6   1        TL0 = 0x18;       
   7   1        TH0 = 0xFC;       
   8   1        TF0 = 0;        
   9   1        TR0 = 1;    
  10   1        ET0=1;
  11   1        EA=1;
  12   1        PT0=0;}
  13          /*void Timer0_Routine() interrupt 1
  14          {
  15            static unsigned int T0Count;
  16            TL0 = 0x18;       
  17            TH0 = 0xFC;   
  18            T0Count++;
  19            if(T0Count>=1000)
  20            {
  21              T0Count=0;
  22            }}
  23            */


MODULE INFORMATION:   STATIC OVERLAYABLE
   CODE SIZE        =     23    ----
   CONSTANT SIZE    =   ----    ----
   XDATA SIZE       =   ----    ----
   PDATA SIZE       =   ----    ----
   DATA SIZE        =   ----    ----
   IDATA SIZE       =   ----    ----
   BIT SIZE         =   ----    ----
END OF MODULE INFORMATION.


C51 COMPILATION COMPLETE.  0 WARNING(S),  0 ERROR(S)
