C51 COMPILER V9.54   MAINI                                                                 08/23/2023 17:41:43 PAGE 1   


C51 COMPILER V9.54, COMPILATION OF MODULE MAINI
OBJECT MODULE PLACED IN .\Objects\maini.obj
COMPILER INVOKED BY: D:\Keil5\C51\BIN\C51.EXE maini.c OPTIMIZE(8,SPEED) BROWSE DEBUG OBJECTEXTEND PRINT(.\Listings\maini
                    -.lst) TABS(2) OBJECT(.\Objects\maini.obj)

line level    source

   1          #include <REGX52.H>
   2          void ms(unsigned int xms){
   3   1          unsigned char data i, j;
   4   1        while(xms--){
   5   2        i = 2;
   6   2        j = 239;
   7   2        do{while (--j);} 
   8   2        while (--i);
   9   2        }
  10   1      }
  11          void main(){
  12   1      unsigned char A=0;
  13   1        while(1){
  14   2        if(P3_1==0){
  15   3          ms(20);
  16   3          while(P3_1==0);
  17   3          ms(20);
  18   3          A++;
  19   3          P2=~A;
  20   3        }
  21   2        }
  22   1        
  23   1      }


MODULE INFORMATION:   STATIC OVERLAYABLE
   CODE SIZE        =     50    ----
   CONSTANT SIZE    =   ----    ----
   XDATA SIZE       =   ----    ----
   PDATA SIZE       =   ----    ----
   DATA SIZE        =   ----    ----
   IDATA SIZE       =   ----    ----
   BIT SIZE         =   ----    ----
END OF MODULE INFORMATION.


C51 COMPILATION COMPLETE.  0 WARNING(S),  0 ERROR(S)
