C51 COMPILER V9.54   MAIN                                                                  09/03/2023 20:40:38 PAGE 1   


C51 COMPILER V9.54, COMPILATION OF MODULE MAIN
OBJECT MODULE PLACED IN .\Objects\main.obj
COMPILER INVOKED BY: D:\Keil5\C51\BIN\C51.EXE main.c OPTIMIZE(8,SPEED) BROWSE DEBUG OBJECTEXTEND PRINT(.\Listings\main.l
                    -st) TABS(2) OBJECT(.\Objects\main.obj)

line level    source

   1          #include <REGX52.H>
   2          #include "Delay.H"
   3          #include "LCD1602.H"
   4          #include "Timer0.H"
*** WARNING C315 IN LINE 1 OF Timer0.H: unknown #directive 'ifnedf'
*** WARNING C312 IN LINE 4 OF Timer0.H: misplaced endif control
   5          unsigned char sec,min,hour;
   6          void main()
   7          {
   8   1        LCD_Init();
   9   1        Timer0_Init();
  10   1        LCD_ShowString(1,1,"Clock:");
  11   1        LCD_ShowString(2,1,"  :  :");
  12   1        while(1)
  13   1        {
  14   2          LCD_ShowNum(2,1,hour,2);
  15   2          LCD_ShowNum(2,4,min,2);
  16   2          LCD_ShowNum(2,7,sec,2);
  17   2        }
  18   1      }
  19            void Timer0_Routine() interrupt 1
  20          {
  21   1        static unsigned int T0Count;
  22   1        TL0 = 0x18;       
  23   1        TH0 = 0xFC;   
  24   1        T0Count++;
  25   1        if(T0Count>=1000)
  26   1        {
  27   2          T0Count=0;
  28   2          sec++;
  29   2          if(sec>=60)
  30   2            {
  31   3              sec=0;
  32   3              min++;
  33   3              if(min>=60)
  34   3            {
  35   4              min=0;
  36   4              hour++;
  37   4            }
  38   3            }
  39   2            
  40   2            
  41   2        }}


MODULE INFORMATION:   STATIC OVERLAYABLE
   CODE SIZE        =    141    ----
   CONSTANT SIZE    =     14    ----
   XDATA SIZE       =   ----    ----
   PDATA SIZE       =   ----    ----
   DATA SIZE        =      5    ----
   IDATA SIZE       =   ----    ----
   BIT SIZE         =   ----    ----
END OF MODULE INFORMATION.

C51 COMPILER V9.54   MAIN                                                                  09/03/2023 20:40:38 PAGE 2   


C51 COMPILATION COMPLETE.  2 WARNING(S),  0 ERROR(S)
