C51 COMPILER V9.54   TIMER0                                                                09/03/2023 20:30:48 PAGE 1   


C51 COMPILER V9.54, COMPILATION OF MODULE TIMER0
OBJECT MODULE PLACED IN .\Objects\Timer0.obj
COMPILER INVOKED BY: D:\Keil5\C51\BIN\C51.EXE Timer0.c OPTIMIZE(8,SPEED) BROWSE DEBUG OBJECTEXTEND PRINT(.\Listings\Time
                    -r0.lst) TABS(2) OBJECT(.\Objects\Timer0.obj)

line level    source

   1          #include <REGX52.H>
   2          void Timer0_Init(void)    
   3          { 
   4   1        TMOD &= 0xF0;     
   5   1        TMOD |= 0x01;     
   6   1        TL0 = 0x18;       
   7   1        TH0 = 0xFC;       
   8   1        TF0 = 0;        
   9   1        TR0 = 1;      
  10   1        ET0=1;
  11   1        EA=1;
  12   1        PT0=0;}
  13          /*
  14            void Timer0_Routine() interrupt 1
  15          {
  16            static unsigned int T0Count;
  17            TL0 = 0x18;       
  18            TH0 = 0xFC;   
  19            T0Count++;
  20            if(T0Count>=1000)
  21            {
  22              T0Count=0;
  23            }}
  24            */


MODULE INFORMATION:   STATIC OVERLAYABLE
   CODE SIZE        =     23    ----
   CONSTANT SIZE    =   ----    ----
   XDATA SIZE       =   ----    ----
   PDATA SIZE       =   ----    ----
   DATA SIZE        =   ----    ----
   IDATA SIZE       =   ----    ----
   BIT SIZE         =   ----    ----
END OF MODULE INFORMATION.


C51 COMPILATION COMPLETE.  0 WARNING(S),  0 ERROR(S)
