C51 COMPILER V9.54   MAIN_                                                                 08/24/2023 19:17:36 PAGE 1   


C51 COMPILER V9.54, COMPILATION OF MODULE MAIN_
OBJECT MODULE PLACED IN .\Objects\main'.obj
COMPILER INVOKED BY: D:\Keil5\C51\BIN\C51.EXE main'.c OPTIMIZE(8,SPEED) BROWSE DEBUG OBJECTEXTEND PRINT(.\Listings\main'
                    -.lst) TABS(2) OBJECT(.\Objects\main'.obj)

line level    source

   1          #include <REGX52.H>
   2          unsigned char ASD[]={0x3F,0x06,0x5B,0x4F,0x66,0x6D,0x7D,0x07,0x7F,0x6F};
   3          void ms(unsigned int xms) 
   4          {
   5   1        while(xms--){
   6   2        unsigned char  i, j;
   7   2        i = 2;
   8   2        j = 239;
   9   2        do
  10   2        {
  11   3          while (--j);
  12   3        } while (--i);
  13   2        }
  14   1      }
  15          void qwe(unsigned char q,w){
  16   1        switch(q){
  17   2          case 1:P2_4=1;P2_3=1;P2_2=1;break;
  18   2          case 2:P2_4=1;P2_3=1;P2_2=0;break;
  19   2          case 3:P2_4=1;P2_3=0;P2_2=1;break;
  20   2          case 4:P2_4=1;P2_3=0;P2_2=0;break;
  21   2          case 5:P2_4=0;P2_3=1;P2_2=1;break;
  22   2          case 6:P2_4=0;P2_3=1;P2_2=0;break;
  23   2          case 7:P2_4=0;P2_3=0;P2_2=1;break;
  24   2          case 8:P2_4=0;P2_3=0;P2_2=0;break;
  25   2          }
  26   1        P0=ASD[w];
  27   1        ms(1);
  28   1        P0=0x00;
  29   1        }
  30          void main(){
  31   1        
  32   1        while(1){
  33   2          qwe(7,2);
  34   2          qwe(6,2);
  35   2          qwe(4,2);
  36   2          qwe(3,2);
  37   2        }
  38   1        }


MODULE INFORMATION:   STATIC OVERLAYABLE
   CODE SIZE        =    166    ----
   CONSTANT SIZE    =   ----    ----
   XDATA SIZE       =   ----    ----
   PDATA SIZE       =   ----    ----
   DATA SIZE        =     10       2
   IDATA SIZE       =   ----    ----
   BIT SIZE         =   ----    ----
END OF MODULE INFORMATION.


C51 COMPILATION COMPLETE.  0 WARNING(S),  0 ERROR(S)
