C51 COMPILER V9.54   MAIN                                                                  08/23/2023 18:11:01 PAGE 1   


C51 COMPILER V9.54, COMPILATION OF MODULE MAIN
OBJECT MODULE PLACED IN .\Objects\main.obj
COMPILER INVOKED BY: D:\Keil5\C51\BIN\C51.EXE main.c OPTIMIZE(8,SPEED) BROWSE DEBUG OBJECTEXTEND PRINT(.\Listings\main.l
                    -st) TABS(2) OBJECT(.\Objects\main.obj)

line level    source

   1          #include <REGX52.H>
   2          void ms(unsigned int xms) 
   3          {
   4   1        while(xms--){
   5   2        unsigned char data i, j;
   6   2      
   7   2        i = 2;
   8   2        j = 239;
   9   2        do
  10   2        {
  11   3          while (--j);
  12   3        } while (--i);
  13   2        }
  14   1        
  15   1      }
  16          void main(){
  17   1        unsigned char a=0;
  18   1          P2=~0x01;
  19   1        while(1){
  20   2           if(P3_1==0){
  21   3             ms(20);
  22   3             while(P3_1==0);
  23   3             ms(20);
  24   3             a++;
  25   3             if(a>=8){a=0;}
  26   3             P2=~(0x01<<a);
  27   3           }
  28   2           if(P3_0==0){
  29   3             ms(20);
  30   3             while(P3_0==0);
  31   3             ms(20);
  32   3             if(a==0){a=7;}
  33   3             else 
  34   3               a--;
  35   3             P2=~(0x01<<a);
  36   3           }
  37   2        }
  38   1      
  39   1      }


MODULE INFORMATION:   STATIC OVERLAYABLE
   CODE SIZE        =    105    ----
   CONSTANT SIZE    =   ----    ----
   XDATA SIZE       =   ----    ----
   PDATA SIZE       =   ----    ----
   DATA SIZE        =   ----       2
   IDATA SIZE       =   ----    ----
   BIT SIZE         =   ----    ----
END OF MODULE INFORMATION.


C51 COMPILATION COMPLETE.  0 WARNING(S),  0 ERROR(S)
